<?xml version="1.0" encoding="UTF-8"?>
<testng-results skipped="0" failed="0" ignored="0" total="1" passed="1">
  <reporter-output>
  </reporter-output>
  <suite name="Default suite" duration-ms="27881" started-at="2020-01-21T01:15:23Z" finished-at="2020-01-21T01:15:51Z">
    <groups>
    </groups>
    <test name="Default test" duration-ms="27881" started-at="2020-01-21T01:15:23Z" finished-at="2020-01-21T01:15:51Z">
      <class name="com.LarnautomationTestcase.LoginTestCRM">
        <test-method status="PASS" signature="setupSuite()[pri:0, instance:com.LarnautomationTestcase.LoginTestCRM@47c62251]" name="setupSuite" is-config="true" duration-ms="704" started-at="2020-01-21T01:15:22Z" finished-at="2020-01-21T01:15:23Z">
          <reporter-output>
          </reporter-output>
        </test-method> <!-- setupSuite -->
        <test-method status="PASS" signature="setup()[pri:0, instance:com.LarnautomationTestcase.LoginTestCRM@47c62251]" name="setup" is-config="true" duration-ms="14464" started-at="2020-01-21T01:15:23Z" finished-at="2020-01-21T01:15:37Z">
          <reporter-output>
          </reporter-output>
        </test-method> <!-- setup -->
        <test-method status="PASS" signature="loginApp()[pri:0, instance:com.LarnautomationTestcase.LoginTestCRM@47c62251]" name="loginApp" duration-ms="11737" started-at="2020-01-21T01:15:37Z" finished-at="2020-01-21T01:15:49Z">
          <reporter-output>
          </reporter-output>
        </test-method> <!-- loginApp -->
        <test-method status="PASS" signature="tearDownMethod(org.testng.ITestResult)[pri:0, instance:com.LarnautomationTestcase.LoginTestCRM@47c62251]" name="tearDownMethod" is-config="true" duration-ms="801" started-at="2020-01-21T01:15:49Z" finished-at="2020-01-21T01:15:50Z">
          <params>
            <param index="0">
              <value>
                <![CDATA[[TestResult name=loginApp status=SUCCESS method=LoginTestCRM.loginApp()[pri:0, instance:com.LarnautomationTestcase.LoginTestCRM@47c62251] output={null}]]]>
              </value>
            </param>
          </params>
          <reporter-output>
          </reporter-output>
        </test-method> <!-- tearDownMethod -->
        <test-method status="PASS" signature="tearDown()[pri:0, instance:com.LarnautomationTestcase.LoginTestCRM@47c62251]" name="tearDown" is-config="true" duration-ms="852" started-at="2020-01-21T01:15:50Z" finished-at="2020-01-21T01:15:51Z">
          <reporter-output>
          </reporter-output>
        </test-method> <!-- tearDown -->
      </class> <!-- com.LarnautomationTestcase.LoginTestCRM -->
    </test> <!-- Default test -->
  </suite> <!-- Default suite -->
</testng-results>
